<?xml version="1.0" encoding="UTF-8"?>
<!-- Generated by org.testng.reporters.JUnitXMLReporter -->
<testsuite hostname="t2s-019" name="Contact Page Tests" tests="2" failures="1" timestamp="14 Mar 2017 10:13:17 GMT" time="116.275" errors="0">
  <testcase name="contactPageTests" time="45.849" classname="com.t2s.testScripts.contactPageTest">
    <failure type="java.lang.AssertionError" message="The following asserts failed:
	Customer name mismatch expected [true] but found [false],
	Customer name mismatch expected [true] but found [false],
	Customer name mismatch expected [true] but found [false],
	Takeaway number mismatch,
	Contact number mismatch,
	Customer name mismatch expected [true] but found [false],
	Customer name mismatch expected [true] but found [false],
	Takeaway number mismatch,
	Customer name mismatch expected [true] but found [false],
	Takeaway number mismatch">
      <![CDATA[java.lang.AssertionError: The following asserts failed:
	Customer name mismatch expected [true] but found [false],
	Customer name mismatch expected [true] but found [false],
	Customer name mismatch expected [true] but found [false],
	Takeaway number mismatch,
	Contact number mismatch,
	Customer name mismatch expected [true] but found [false],
	Customer name mismatch expected [true] but found [false],
	Takeaway number mismatch,
	Customer name mismatch expected [true] but found [false],
	Takeaway number mismatch
	at com.t2s.pagelocators.contactPageRepo.assertAllFn(contactPageRepo.java:99)
	at com.t2s.testScripts.contactPageTest.contactPageTests(contactPageTest.java:93)
... Removed 25 stack frames]]>
    </failure>
  </testcase> <!-- contactPageTests -->
  <testcase name="orderPageTests" time="70.37" classname="com.t2s.testScripts.orderPageTest"/>
</testsuite> <!-- Contact Page Tests -->
